<?xml version="1.0" encoding="utf-8" standalone="no"?>
<test-run id="0" name="TestAlttrashCSharp.dll" fullname="C:\GitProjects\FORK-CSharp-AltTrashCat\EXAMPLES-CSharp-Standalone-AltTrashCat\TestAlttrashCSharp\bin\Debug\netcoreapp3.1\TestAlttrashCSharp.dll" runstate="Runnable" testcasecount="23" result="Passed" total="23" passed="23" failed="0" warnings="0" inconclusive="0" skipped="0" asserts="38" engine-version="3.15.3.0" clr-version="3.1.32" start-time="2023-03-30 19:03:54Z" end-time="2023-03-30 19:07:42Z" duration="227.631302">
  <command-line><![CDATA[C:\Users\alexandra.vescan\.nuget\packages\microsoft.testplatform.testhost\15.9.0\lib\netstandard1.5\testhost.dll --port 57061 --endpoint 127.0.0.1:057061 --role client --parentprocessid 2984 --telemetryoptedin false]]></command-line>
  <test-suite type="Assembly" id="0-1029" name="TestAlttrashCSharp.dll" fullname="C:/GitProjects/FORK-CSharp-AltTrashCat/EXAMPLES-CSharp-Standalone-AltTrashCat/TestAlttrashCSharp/bin/Debug/netcoreapp3.1/TestAlttrashCSharp.dll" runstate="Runnable" testcasecount="23" result="Passed" start-time="2023-03-30T19:03:54.3891513Z" end-time="2023-03-30T19:07:42.0060881Z" duration="227.616917" total="23" passed="23" failed="0" warnings="0" inconclusive="0" skipped="0" asserts="38">
    <environment framework-version="3.13.3.0" clr-version="3.1.32" os-version="Microsoft Windows 10.0.22621" platform="Win32NT" cwd="C:\GitProjects\FORK-CSharp-AltTrashCat\EXAMPLES-CSharp-Standalone-AltTrashCat\TestAlttrashCSharp\bin\Debug\netcoreapp3.1" machine-name="ALTOM-PC68" user="alexandra.vescan" user-domain="ALTOM-PC68" culture="en-US" uiculture="en-US" os-architecture="x64" />
    <settings>
      <setting name="SynchronousEvents" value="False" />
      <setting name="InternalTraceLevel" value="Off" />
      <setting name="RandomSeed" value="968253286" />
      <setting name="SkipNonTestAssemblies" value="True" />
      <setting name="ProcessModel" value="InProcess" />
      <setting name="DomainUsage" value="Single" />
      <setting name="DefaultTestNamePattern" value="{m}{a}" />
      <setting name="WorkDirectory" value="C:\GitProjects\FORK-CSharp-AltTrashCat\EXAMPLES-CSharp-Standalone-AltTrashCat\TestAlttrashCSharp\bin\Debug\netcoreapp3.1" />
      <setting name="NumberOfTestWorkers" value="16" />
    </settings>
    <properties>
      <property name="_PID" value="8844" />
      <property name="_APPDOMAIN" value="testhost" />
    </properties>
    <test-suite type="TestSuite" id="0-1030" name="alttrashcat_tests_csharp" fullname="alttrashcat_tests_csharp" runstate="Runnable" testcasecount="23" result="Passed" start-time="2023-03-30T19:03:54.3919792Z" end-time="2023-03-30T19:07:42.0060738Z" duration="227.614091" total="23" passed="23" failed="0" warnings="0" inconclusive="0" skipped="0" asserts="38">
      <test-suite type="TestSuite" id="0-1031" name="tests" fullname="alttrashcat_tests_csharp.tests" runstate="Runnable" testcasecount="23" result="Passed" start-time="2023-03-30T19:03:54.3922058Z" end-time="2023-03-30T19:07:42.0060233Z" duration="227.613817" total="23" passed="23" failed="0" warnings="0" inconclusive="0" skipped="0" asserts="38">
        <test-suite type="TestFixture" id="0-1000" name="GamePlayTests" fullname="alttrashcat_tests_csharp.tests.GamePlayTests" classname="alttrashcat_tests_csharp.tests.GamePlayTests" runstate="Runnable" testcasecount="7" result="Passed" start-time="2023-03-30T19:03:54.3929388Z" end-time="2023-03-30T19:05:27.7812841Z" duration="93.388354" total="7" passed="7" failed="0" warnings="0" inconclusive="0" skipped="0" asserts="8">
          <test-case id="0-1004" name="TestAvoidingObstacles" fullname="alttrashcat_tests_csharp.tests.GamePlayTests.TestAvoidingObstacles" methodname="TestAvoidingObstacles" classname="alttrashcat_tests_csharp.tests.GamePlayTests" runstate="Runnable" seed="1620627557" result="Passed" start-time="2023-03-30T19:03:54.3941319Z" end-time="2023-03-30T19:04:19.6408814Z" duration="25.246872" asserts="1">
            <output><![CDATA[2023-03-30 22:03:54.4547|INFO|Info
2023-03-30 22:03:54.4720|INFO|AltTester logs are saved at: ./AltTester.log
3/30/2023 22:03:56|Fatal|WebSocket.connect|System.Net.Internals.SocketExceptionFactory+ExtendedSocketException (10061): No connection could be made because the target machine actively refused it. 127.0.0.1:13000
                            at System.Net.Sockets.Socket.DoConnect(EndPoint endPointSnapshot, SocketAddress socketAddress)
                            at System.Net.Sockets.Socket.Connect(EndPoint remoteEP)
                            at System.Net.Sockets.Socket.Connect(IPAddress address, Int32 port)
                            at System.Net.Sockets.TcpClient.Connect(String hostname, Int32 port)
                         --- End of stack trace from previous location where exception was thrown ---
                            at System.Net.Sockets.TcpClient.Connect(String hostname, Int32 port)
                            at System.Net.Sockets.TcpClient..ctor(String hostname, Int32 port)
                            at WebSocketSharp.WebSocket.setClientStream()
                            at WebSocketSharp.WebSocket.doHandshake()
                            at WebSocketSharp.WebSocket.connect()
3/30/2023 22:03:58|Fatal|WebSocket.connect|System.Net.Internals.SocketExceptionFactory+ExtendedSocketException (10061): No connection could be made because the target machine actively refused it. 127.0.0.1:13000
                            at System.Net.Sockets.Socket.DoConnect(EndPoint endPointSnapshot, SocketAddress socketAddress)
                            at System.Net.Sockets.Socket.Connect(EndPoint remoteEP)
                            at System.Net.Sockets.Socket.Connect(IPAddress address, Int32 port)
                            at System.Net.Sockets.TcpClient.Connect(String hostname, Int32 port)
                         --- End of stack trace from previous location where exception was thrown ---
                            at System.Net.Sockets.TcpClient.Connect(String hostname, Int32 port)
                            at System.Net.Sockets.TcpClient..ctor(String hostname, Int32 port)
                            at WebSocketSharp.WebSocket.setClientStream()
                            at WebSocketSharp.WebSocket.doHandshake()
                            at WebSocketSharp.WebSocket.connect()
3/30/2023 22:04:00|Fatal|WebSocket.connect|System.Net.Internals.SocketExceptionFactory+ExtendedSocketException (10061): No connection could be made because the target machine actively refused it. 127.0.0.1:13000
                            at System.Net.Sockets.Socket.DoConnect(EndPoint endPointSnapshot, SocketAddress socketAddress)
                            at System.Net.Sockets.Socket.Connect(EndPoint remoteEP)
                            at System.Net.Sockets.Socket.Connect(IPAddress address, Int32 port)
                            at System.Net.Sockets.TcpClient.Connect(String hostname, Int32 port)
                         --- End of stack trace from previous location where exception was thrown ---
                            at System.Net.Sockets.TcpClient.Connect(String hostname, Int32 port)
                            at System.Net.Sockets.TcpClient..ctor(String hostname, Int32 port)
                            at WebSocketSharp.WebSocket.setClientStream()
                            at WebSocketSharp.WebSocket.doHandshake()
                            at WebSocketSharp.WebSocket.connect()
3/30/2023 22:04:02|Fatal|WebSocket.connect|System.Net.Internals.SocketExceptionFactory+ExtendedSocketException (10061): No connection could be made because the target machine actively refused it. 127.0.0.1:13000
                            at System.Net.Sockets.Socket.DoConnect(EndPoint endPointSnapshot, SocketAddress socketAddress)
                            at System.Net.Sockets.Socket.Connect(EndPoint remoteEP)
                            at System.Net.Sockets.Socket.Connect(IPAddress address, Int32 port)
                            at System.Net.Sockets.TcpClient.Connect(String hostname, Int32 port)
                         --- End of stack trace from previous location where exception was thrown ---
                            at System.Net.Sockets.TcpClient.Connect(String hostname, Int32 port)
                            at System.Net.Sockets.TcpClient..ctor(String hostname, Int32 port)
                            at WebSocketSharp.WebSocket.setClientStream()
                            at WebSocketSharp.WebSocket.doHandshake()
                            at WebSocketSharp.WebSocket.connect()
Obstacle: ObstacleRoadworksBarrier(Clone), z:22.474998, x:0
Next: ObstacleRoadworksBarrier(Clone), z:22.474998, x:1.5
Obstacle: ObstacleBin(Clone), z:40.454998, x:0
Next: ObstacleBin(Clone), z:40.454998, x:1.5
Obstacle: ObstacleDog(Clone), z:67.424995, x:-1.5
Next: ObstacleRoadworksBarrier(Clone), z:85.405, x:0
Obstacle: ObstacleRoadworksBarrier(Clone), z:85.405, x:0
Next: ObstacleRoadworksBarrier(Clone), z:85.405, x:1.5
Obstacle: ObstacleBin(Clone), z:94.39499, x:1.5
Next: ObstacleWheelyBin(Clone), z:103.384995, x:1.5
]]></output>
          </test-case>
          <test-case id="0-1002" name="TestGameCanBePausedAndResumed" fullname="alttrashcat_tests_csharp.tests.GamePlayTests.TestGameCanBePausedAndResumed" methodname="TestGameCanBePausedAndResumed" classname="alttrashcat_tests_csharp.tests.GamePlayTests" runstate="Runnable" seed="1012965800" result="Passed" start-time="2023-03-30T19:04:19.6432630Z" end-time="2023-03-30T19:04:21.1215497Z" duration="1.478292" asserts="2" />
          <test-case id="0-1003" name="TestGameCanBePausedAndStopped" fullname="alttrashcat_tests_csharp.tests.GamePlayTests.TestGameCanBePausedAndStopped" methodname="TestGameCanBePausedAndStopped" classname="alttrashcat_tests_csharp.tests.GamePlayTests" runstate="Runnable" seed="52531617" result="Passed" start-time="2023-03-30T19:04:21.1217508Z" end-time="2023-03-30T19:04:22.6594274Z" duration="1.537683" asserts="1" />
          <test-case id="0-1006" name="TestGameOverScreenIsAceesible" fullname="alttrashcat_tests_csharp.tests.GamePlayTests.TestGameOverScreenIsAceesible" methodname="TestGameOverScreenIsAceesible" classname="alttrashcat_tests_csharp.tests.GamePlayTests" runstate="Runnable" seed="732724095" result="Passed" start-time="2023-03-30T19:04:22.6595675Z" end-time="2023-03-30T19:04:44.9456706Z" duration="22.286110" asserts="1" />
          <test-case id="0-1001" name="TestGamePlayDisplayedCorrectly" fullname="alttrashcat_tests_csharp.tests.GamePlayTests.TestGamePlayDisplayedCorrectly" methodname="TestGamePlayDisplayedCorrectly" classname="alttrashcat_tests_csharp.tests.GamePlayTests" runstate="Runnable" seed="141121031" result="Passed" start-time="2023-03-30T19:04:44.9458066Z" end-time="2023-03-30T19:04:46.2079375Z" duration="1.262136" asserts="1" />
          <test-case id="0-1007" name="TestGetAnotherChangeDisabledWhenNotEnoughCoins" fullname="alttrashcat_tests_csharp.tests.GamePlayTests.TestGetAnotherChangeDisabledWhenNotEnoughCoins" methodname="TestGetAnotherChangeDisabledWhenNotEnoughCoins" classname="alttrashcat_tests_csharp.tests.GamePlayTests" runstate="Runnable" seed="1570089039" result="Passed" start-time="2023-03-30T19:04:46.2080592Z" end-time="2023-03-30T19:05:11.0689604Z" duration="24.860906" asserts="1" />
          <test-case id="0-1005" name="TestPlayerDiesWhenObstacleNotAvoided" fullname="alttrashcat_tests_csharp.tests.GamePlayTests.TestPlayerDiesWhenObstacleNotAvoided" methodname="TestPlayerDiesWhenObstacleNotAvoided" classname="alttrashcat_tests_csharp.tests.GamePlayTests" runstate="Runnable" seed="1762582321" result="Passed" start-time="2023-03-30T19:05:11.0690833Z" end-time="2023-03-30T19:05:27.7777452Z" duration="16.708669" asserts="1" />
        </test-suite>
        <test-suite type="TestFixture" id="0-1008" name="MainMenuTests" fullname="alttrashcat_tests_csharp.tests.MainMenuTests" classname="alttrashcat_tests_csharp.tests.MainMenuTests" runstate="Runnable" testcasecount="8" result="Passed" start-time="2023-03-30T19:05:27.7848521Z" end-time="2023-03-30T19:05:56.4596401Z" duration="28.674787" total="8" passed="8" failed="0" warnings="0" inconclusive="0" skipped="0" asserts="8">
          <test-suite type="ParameterizedMethod" id="0-1017" name="SliderValuesChangeAsExpected" fullname="alttrashcat_tests_csharp.tests.MainMenuTests.SliderValuesChangeAsExpected" classname="alttrashcat_tests_csharp.tests.MainMenuTests" runstate="Runnable" testcasecount="3" result="Passed" start-time="2023-03-30T19:05:27.7850674Z" end-time="2023-03-30T19:05:32.9889426Z" duration="5.203876" total="3" passed="3" failed="0" warnings="0" inconclusive="0" skipped="0" asserts="3">
            <test-case id="0-1014" name="SliderValuesChangeAsExpected(&quot;MasterSlider&quot;)" fullname="alttrashcat_tests_csharp.tests.MainMenuTests.SliderValuesChangeAsExpected(&quot;MasterSlider&quot;)" methodname="SliderValuesChangeAsExpected" classname="alttrashcat_tests_csharp.tests.MainMenuTests" runstate="Runnable" seed="973217257" result="Passed" start-time="2023-03-30T19:05:27.7851010Z" end-time="2023-03-30T19:05:29.5101901Z" duration="1.725098" asserts="1">
              <output><![CDATA[intial value is 0
]]></output>
            </test-case>
            <test-case id="0-1015" name="SliderValuesChangeAsExpected(&quot;MusicSlider&quot;)" fullname="alttrashcat_tests_csharp.tests.MainMenuTests.SliderValuesChangeAsExpected(&quot;MusicSlider&quot;)" methodname="SliderValuesChangeAsExpected" classname="alttrashcat_tests_csharp.tests.MainMenuTests" runstate="Runnable" seed="1049287385" result="Passed" start-time="2023-03-30T19:05:29.5103371Z" end-time="2023-03-30T19:05:31.2561500Z" duration="1.745819" asserts="1">
              <output><![CDATA[intial value is 0
]]></output>
            </test-case>
            <test-case id="0-1016" name="SliderValuesChangeAsExpected(&quot;MasterSFXSlider&quot;)" fullname="alttrashcat_tests_csharp.tests.MainMenuTests.SliderValuesChangeAsExpected(&quot;MasterSFXSlider&quot;)" methodname="SliderValuesChangeAsExpected" classname="alttrashcat_tests_csharp.tests.MainMenuTests" runstate="Runnable" seed="476181275" result="Passed" start-time="2023-03-30T19:05:31.2562775Z" end-time="2023-03-30T19:05:32.9887005Z" duration="1.732429" asserts="1">
              <output><![CDATA[intial value is 0
]]></output>
            </test-case>
          </test-suite>
          <test-case id="0-1010" name="TestDeleteData" fullname="alttrashcat_tests_csharp.tests.MainMenuTests.TestDeleteData" methodname="TestDeleteData" classname="alttrashcat_tests_csharp.tests.MainMenuTests" runstate="Runnable" seed="1084940995" result="Passed" start-time="2023-03-30T19:05:32.9890405Z" end-time="2023-03-30T19:05:34.7067050Z" duration="1.717671" asserts="1" />
          <test-case id="0-1011" name="TestMagnetIsUsedInGameplay" fullname="alttrashcat_tests_csharp.tests.MainMenuTests.TestMagnetIsUsedInGameplay" methodname="TestMagnetIsUsedInGameplay" classname="alttrashcat_tests_csharp.tests.MainMenuTests" runstate="Runnable" seed="1811841762" result="Passed" start-time="2023-03-30T19:05:34.7068525Z" end-time="2023-03-30T19:05:36.8921875Z" duration="2.185339" asserts="1" />
          <test-case id="0-1009" name="TestMainMenuPageLoadedCorrectly" fullname="alttrashcat_tests_csharp.tests.MainMenuTests.TestMainMenuPageLoadedCorrectly" methodname="TestMainMenuPageLoadedCorrectly" classname="alttrashcat_tests_csharp.tests.MainMenuTests" runstate="Runnable" seed="1072658714" result="Passed" start-time="2023-03-30T19:05:36.8922904Z" end-time="2023-03-30T19:05:38.1561225Z" duration="1.263839" asserts="1" />
          <test-case id="0-1013" name="TestNightTimeThemeisApplied" fullname="alttrashcat_tests_csharp.tests.MainMenuTests.TestNightTimeThemeisApplied" methodname="TestNightTimeThemeisApplied" classname="alttrashcat_tests_csharp.tests.MainMenuTests" runstate="Runnable" seed="790123053" result="Passed" start-time="2023-03-30T19:05:38.1562368Z" end-time="2023-03-30T19:05:40.3409614Z" duration="2.184727" asserts="1" />
          <test-case id="0-1012" name="TestThatLifePowerUpAddsALife" fullname="alttrashcat_tests_csharp.tests.MainMenuTests.TestThatLifePowerUpAddsALife" methodname="TestThatLifePowerUpAddsALife" classname="alttrashcat_tests_csharp.tests.MainMenuTests" runstate="Runnable" seed="565350308" result="Passed" start-time="2023-03-30T19:05:40.3410225Z" end-time="2023-03-30T19:05:56.4593425Z" duration="16.118424" asserts="1">
            <output><![CDATA[ I got out of the while loop
]]></output>
          </test-case>
        </test-suite>
        <test-suite type="TestFixture" id="0-1018" name="StartPageTests" fullname="alttrashcat_tests_csharp.tests.StartPageTests" classname="alttrashcat_tests_csharp.tests.StartPageTests" runstate="Runnable" testcasecount="2" result="Passed" start-time="2023-03-30T19:05:56.4597932Z" end-time="2023-03-30T19:05:59.0218317Z" duration="2.562039" total="2" passed="2" failed="0" warnings="0" inconclusive="0" skipped="0" asserts="2">
          <test-case id="0-1020" name="TestStartButtonLoadMainMenu" fullname="alttrashcat_tests_csharp.tests.StartPageTests.TestStartButtonLoadMainMenu" methodname="TestStartButtonLoadMainMenu" classname="alttrashcat_tests_csharp.tests.StartPageTests" runstate="Runnable" seed="421027729" result="Passed" start-time="2023-03-30T19:05:56.4601090Z" end-time="2023-03-30T19:05:57.8205968Z" duration="1.360492" asserts="1" />
          <test-case id="0-1019" name="TestStartPageLoadedCorrectly" fullname="alttrashcat_tests_csharp.tests.StartPageTests.TestStartPageLoadedCorrectly" methodname="TestStartPageLoadedCorrectly" classname="alttrashcat_tests_csharp.tests.StartPageTests" runstate="Runnable" seed="101747627" result="Passed" start-time="2023-03-30T19:05:57.8206934Z" end-time="2023-03-30T19:05:59.0216055Z" duration="1.200916" asserts="1" />
        </test-suite>
        <test-suite type="TestFixture" id="0-1021" name="StoreMenuTests" fullname="alttrashcat_tests_csharp.tests.StoreMenuTests" classname="alttrashcat_tests_csharp.tests.StoreMenuTests" runstate="Runnable" testcasecount="3" result="Passed" start-time="2023-03-30T19:05:59.0220065Z" end-time="2023-03-30T19:06:05.9043621Z" duration="6.882356" total="3" passed="3" failed="0" warnings="0" inconclusive="0" skipped="0" asserts="5">
          <test-case id="0-1024" name="TestBuyButtonsBecomeActiveOnlyWhenEnoughCoins" fullname="alttrashcat_tests_csharp.tests.StoreMenuTests.TestBuyButtonsBecomeActiveOnlyWhenEnoughCoins" methodname="TestBuyButtonsBecomeActiveOnlyWhenEnoughCoins" classname="alttrashcat_tests_csharp.tests.StoreMenuTests" runstate="Runnable" seed="1577931710" result="Passed" start-time="2023-03-30T19:05:59.0225288Z" end-time="2023-03-30T19:06:03.2344667Z" duration="4.211939" asserts="2" />
          <test-case id="0-1023" name="TestPressingStoreIncreasesCoins" fullname="alttrashcat_tests_csharp.tests.StoreMenuTests.TestPressingStoreIncreasesCoins" methodname="TestPressingStoreIncreasesCoins" classname="alttrashcat_tests_csharp.tests.StoreMenuTests" runstate="Runnable" seed="1841451802" result="Passed" start-time="2023-03-30T19:06:03.2346620Z" end-time="2023-03-30T19:06:04.5919169Z" duration="1.357257" asserts="2" />
          <test-case id="0-1022" name="TestStoreMenuPageLoadedCorrectly" fullname="alttrashcat_tests_csharp.tests.StoreMenuTests.TestStoreMenuPageLoadedCorrectly" methodname="TestStoreMenuPageLoadedCorrectly" classname="alttrashcat_tests_csharp.tests.StoreMenuTests" runstate="Runnable" seed="917725148" result="Passed" start-time="2023-03-30T19:06:04.5920154Z" end-time="2023-03-30T19:06:05.9039406Z" duration="1.311929" asserts="1" />
        </test-suite>
        <test-suite type="TestFixture" id="0-1025" name="UserJourneyTests" fullname="alttrashcat_tests_csharp.tests.UserJourneyTests" classname="alttrashcat_tests_csharp.tests.UserJourneyTests" runstate="Runnable" testcasecount="3" result="Passed" start-time="2023-03-30T19:06:05.9045111Z" end-time="2023-03-30T19:07:42.0059879Z" duration="96.101476" total="3" passed="3" failed="0" warnings="0" inconclusive="0" skipped="0" asserts="15">
          <test-case id="0-1027" name="UserJourneyBuyItems" fullname="alttrashcat_tests_csharp.tests.UserJourneyTests.UserJourneyBuyItems" methodname="UserJourneyBuyItems" classname="alttrashcat_tests_csharp.tests.UserJourneyTests" runstate="Runnable" seed="432174514" result="Passed" start-time="2023-03-30T19:06:05.9049332Z" end-time="2023-03-30T19:06:11.0245828Z" duration="5.119652" asserts="5" />
          <test-case id="0-1026" name="UserJourneyPlayandPause" fullname="alttrashcat_tests_csharp.tests.UserJourneyTests.UserJourneyPlayandPause" methodname="UserJourneyPlayandPause" classname="alttrashcat_tests_csharp.tests.UserJourneyTests" runstate="Runnable" seed="351981137" result="Passed" start-time="2023-03-30T19:06:11.0246673Z" end-time="2023-03-30T19:06:34.2826757Z" duration="23.258015" asserts="5">
            <output><![CDATA[Obstacle: ObstacleRoadworksBarrier(Clone), z:51.707497, x:-1.5
Next: ObstacleRoadworksCone(Clone), z:61.154, x:1.5
Obstacle: ObstacleRoadworksCone(Clone), z:61.154, x:1.5
Next: ObstacleRoadworksCone(Clone), z:61.154, x:-1.5
Obstacle: ObstacleRoadworksBarrier(Clone), z:76.44499, x:0
Next: ObstacleWheelyBin(Clone), z:94.42499, x:-1.5
Obstacle: ObstacleWheelyBin(Clone), z:94.42499, x:-1.5
Next: ObstacleWheelyBin(Clone), z:94.42499, x:0
Obstacle: ObstacleRoadworksBarrier(Clone), z:114.657486, x:-1.5
Next: ObstacleRoadworksBarrier(Clone), z:114.657486, x:0
]]></output>
          </test-case>
          <test-case id="0-1028" name="UserJourneyReviveAndGetASecondChance" fullname="alttrashcat_tests_csharp.tests.UserJourneyTests.UserJourneyReviveAndGetASecondChance" methodname="UserJourneyReviveAndGetASecondChance" classname="alttrashcat_tests_csharp.tests.UserJourneyTests" runstate="Runnable" seed="716244190" result="Passed" start-time="2023-03-30T19:06:34.2828010Z" end-time="2023-03-30T19:07:42.0058589Z" duration="67.723061" asserts="5" />
        </test-suite>
      </test-suite>
    </test-suite>
  </test-suite>
</test-run>